<html>
<head>
<title>TestNG:  PhpTravels</title>
<link href="../testng.css" rel="stylesheet" type="text/css" />
<link href="../my-testng.css" rel="stylesheet" type="text/css" />

<style type="text/css">
.log { display: none;} 
.stack-trace { display: none;} 
</style>
<script type="text/javascript">
<!--
function flip(e) {
  current = e.style.display;
  if (current == 'block') {
    e.style.display = 'none';
    return 0;
  }
  else {
    e.style.display = 'block';
    return 1;
  }
}

function toggleBox(szDivId, elem, msg1, msg2)
{
  var res = -1;  if (document.getElementById) {
    res = flip(document.getElementById(szDivId));
  }
  else if (document.all) {
    // this is the way old msie versions work
    res = flip(document.all[szDivId]);
  }
  if(elem) {
    if(res == 0) elem.innerHTML = msg1; else elem.innerHTML = msg2;
  }

}

function toggleAllBoxes() {
  if (document.getElementsByTagName) {
    d = document.getElementsByTagName('div');
    for (i = 0; i < d.length; i++) {
      if (d[i].className == 'log') {
        flip(d[i]);
      }
    }
  }
}

// -->
</script>

</head>
<body>
<h2 align='center'>PhpTravels</h2><table border='1' align="center">
<tr>
<td>Tests passed/Failed/Skipped:</td><td>2/3/0</td>
</tr><tr>
<td>Started on:</td><td>Tue Jul 23 10:30:39 ICT 2019</td>
</tr>
<tr><td>Total time:</td><td>175 seconds (175397 ms)</td>
</tr><tr>
<td>Included groups:</td><td></td>
</tr><tr>
<td>Excluded groups:</td><td></td>
</tr>
</table><p/>
<small><i>(Hover the method name to see the test class name)</i></small><p/>
<table width='100%' border='1' class='invocation-failed'>
<tr><td colspan='4' align='center'><b>FAILED TESTS</b></td></tr>
<tr><td><b>Test method</b></td>
<td width="30%"><b>Exception</b></td>
<td width="10%"><b>Time (seconds)</b></td>
<td><b>Instance</b></td>
</tr>
<tr>
<td title='phptravels.runners.TestRunner.runScenario()'><b>runScenario</b><br>Test class: phptravels.runners.TestRunner<br>Test method: Runs Cucumber Scenarios<br>Parameters: "Search Flights as Guest User", "PhpTravels Test"</td>
<td><div><pre>java.lang.AssertionError: expected [Flights List] but found [www.phptravels.net]
	at phptravels.pageObjects.SearchPage.verifySearch(SearchPage.java:20)
	at phptravels.stepDefinitions.StepDefinition.result_page_for_something_is_displayed(StepDefinition.java:79)
	at ?.Result page for &quot;Flights&quot; is displayed(file:src/test/resources/features/PhpTravels.feature:23)
... Removed 6 stack frames</pre></div><a href='#' onClick='toggleBox("stack-trace1057263702", this, "Click to show all stack frames", "Click to hide stack frames")'>Click to show all stack frames</a>
<div class='stack-trace' id='stack-trace1057263702'><pre>java.lang.AssertionError: expected [Flights List] but found [www.phptravels.net]
	at org.testng.Assert.fail(Assert.java:96)
	at org.testng.Assert.failNotEquals(Assert.java:776)
	at org.testng.Assert.assertEqualsImpl(Assert.java:137)
	at org.testng.Assert.assertEquals(Assert.java:118)
	at org.testng.Assert.assertEquals(Assert.java:453)
	at org.testng.Assert.assertEquals(Assert.java:463)
	at phptravels.pageObjects.SearchPage.verifySearch(SearchPage.java:20)
	at phptravels.stepDefinitions.StepDefinition.result_page_for_something_is_displayed(StepDefinition.java:79)
	at ?.Result page for &quot;Flights&quot; is displayed(file:src/test/resources/features/PhpTravels.feature:23)
</pre></div></td>
<td>56</td>
<td>phptravels.runners.TestRunner@6276ae34</td></tr>
<tr>
<td title='phptravels.runners.TestRunner.runScenario()'><b>runScenario</b><br>Test class: phptravels.runners.TestRunner<br>Test method: Runs Cucumber Scenarios<br>Parameters: "Search Tours as Guest User", "PhpTravels Test"</td>
<td><div><pre>java.lang.AssertionError: expected [Search Results] but found []
	at phptravels.pageObjects.SearchPage.verifySearch(SearchPage.java:24)
	at phptravels.stepDefinitions.StepDefinition.result_page_for_something_is_displayed(StepDefinition.java:79)
	at ?.Result page for &quot;Tours&quot; is displayed(file:src/test/resources/features/PhpTravels.feature:30)
... Removed 6 stack frames</pre></div><a href='#' onClick='toggleBox("stack-trace623757508", this, "Click to show all stack frames", "Click to hide stack frames")'>Click to show all stack frames</a>
<div class='stack-trace' id='stack-trace623757508'><pre>java.lang.AssertionError: expected [Search Results] but found []
	at org.testng.Assert.fail(Assert.java:96)
	at org.testng.Assert.failNotEquals(Assert.java:776)
	at org.testng.Assert.assertEqualsImpl(Assert.java:137)
	at org.testng.Assert.assertEquals(Assert.java:118)
	at org.testng.Assert.assertEquals(Assert.java:453)
	at org.testng.Assert.assertEquals(Assert.java:463)
	at phptravels.pageObjects.SearchPage.verifySearch(SearchPage.java:24)
	at phptravels.stepDefinitions.StepDefinition.result_page_for_something_is_displayed(StepDefinition.java:79)
	at ?.Result page for &quot;Tours&quot; is displayed(file:src/test/resources/features/PhpTravels.feature:30)
</pre></div></td>
<td>6</td>
<td>phptravels.runners.TestRunner@6276ae34</td></tr>
<tr>
<td title='phptravels.runners.TestRunner.runScenario()'><b>runScenario</b><br>Test class: phptravels.runners.TestRunner<br>Test method: Runs Cucumber Scenarios<br>Parameters: "Login", "PhpTravels Test"</td>
<td><div><pre>org.openqa.selenium.NoSuchElementException: no such element: Unable to locate element: {&quot;method&quot;:&quot;xpath&quot;,&quot;selector&quot;:&quot;//input[@name=&apos;username&apos;]&quot;}
  (Session info: chrome=75.0.3770.142)
For documentation on this error, please visit: https://www.seleniumhq.org/exceptions/no_such_element.html
Build info: version: &apos;3.141.59&apos;, revision: &apos;e82be7d358&apos;, time: &apos;2018-11-14T08:17:03&apos;
System info: host: &apos;INM-04039&apos;, ip: &apos;10.196.163.183&apos;, os.name: &apos;Windows 7&apos;, os.arch: &apos;amd64&apos;, os.version: &apos;6.1&apos;, java.version: &apos;1.8.0_201&apos;
Driver info: org.openqa.selenium.chrome.ChromeDriver
Capabilities {acceptInsecureCerts: true, browserName: chrome, browserVersion: 75.0.3770.142, chrome: {chromedriverVersion: 75.0.3770.8 (681f24ea911fe7..., userDataDir: C:\Users\AULIAF~1\AppData\L...}, goog:chromeOptions: {debuggerAddress: localhost:49899}, javascriptEnabled: true, networkConnectionEnabled: false, pageLoadStrategy: normal, platform: XP, platformName: XP, proxy: Proxy(), setWindowRect: true, strictFileInteractability: false, timeouts: {implicit: 0, pageLoad: 300000, script: 30000}, unhandledPromptBehavior: dismiss and notify}
Session ID: a78d2c999d316f633b5fe03536b05274
*** Element info: {Using=xpath, value=//input[@name=&apos;username&apos;]}
	at org.openqa.selenium.remote.http.W3CHttpResponseCodec.createException(W3CHttpResponseCodec.java:187)
	at org.openqa.selenium.remote.http.W3CHttpResponseCodec.decode(W3CHttpResponseCodec.java:122)
	at org.openqa.selenium.remote.http.W3CHttpResponseCodec.decode(W3CHttpResponseCodec.java:49)
	at org.openqa.selenium.remote.HttpCommandExecutor.execute(HttpCommandExecutor.java:158)
	at org.openqa.selenium.remote.service.DriverCommandExecutor.execute(DriverCommandExecutor.java:83)
	at org.openqa.selenium.remote.RemoteWebDriver.execute(RemoteWebDriver.java:552)
	at org.openqa.selenium.remote.RemoteWebDriver.findElement(RemoteWebDriver.java:323)
	at org.openqa.selenium.remote.RemoteWebDriver.findElementByXPath(RemoteWebDriver.java:428)
	at org.openqa.selenium.By$ByXPath.findElement(By.java:353)
	at org.openqa.selenium.remote.RemoteWebDriver.findElement(RemoteWebDriver.java:315)
	at org.openqa.selenium.support.pagefactory.DefaultElementLocator.findElement(DefaultElementLocator.java:69)
	at org.openqa.selenium.support.pagefactory.internal.LocatingElementHandler.invoke(LocatingElementHandler.java:38)
	at com.sun.proxy.$Proxy31.sendKeys(Unknown Source)
	at phptravels.pageObjects.LoginPage.inputLogin(LoginPage.java:24)
	at phptravels.stepDefinitions.StepDefinition.user_input_email_and_password(StepDefinition.java:58)
	at ?.User input email and password(file:src/test/resources/features/PhpTravels.feature:36)
... Removed 4 stack frames</pre></div><a href='#' onClick='toggleBox("stack-trace1517105378", this, "Click to show all stack frames", "Click to hide stack frames")'>Click to show all stack frames</a>
<div class='stack-trace' id='stack-trace1517105378'><pre>org.openqa.selenium.NoSuchElementException: no such element: Unable to locate element: {&quot;method&quot;:&quot;xpath&quot;,&quot;selector&quot;:&quot;//input[@name=&apos;username&apos;]&quot;}
  (Session info: chrome=75.0.3770.142)
For documentation on this error, please visit: https://www.seleniumhq.org/exceptions/no_such_element.html
Build info: version: &apos;3.141.59&apos;, revision: &apos;e82be7d358&apos;, time: &apos;2018-11-14T08:17:03&apos;
System info: host: &apos;INM-04039&apos;, ip: &apos;10.196.163.183&apos;, os.name: &apos;Windows 7&apos;, os.arch: &apos;amd64&apos;, os.version: &apos;6.1&apos;, java.version: &apos;1.8.0_201&apos;
Driver info: org.openqa.selenium.chrome.ChromeDriver
Capabilities {acceptInsecureCerts: true, browserName: chrome, browserVersion: 75.0.3770.142, chrome: {chromedriverVersion: 75.0.3770.8 (681f24ea911fe7..., userDataDir: C:\Users\AULIAF~1\AppData\L...}, goog:chromeOptions: {debuggerAddress: localhost:49899}, javascriptEnabled: true, networkConnectionEnabled: false, pageLoadStrategy: normal, platform: XP, platformName: XP, proxy: Proxy(), setWindowRect: true, strictFileInteractability: false, timeouts: {implicit: 0, pageLoad: 300000, script: 30000}, unhandledPromptBehavior: dismiss and notify}
Session ID: a78d2c999d316f633b5fe03536b05274
*** Element info: {Using=xpath, value=//input[@name=&apos;username&apos;]}
	at sun.reflect.NativeConstructorAccessorImpl.newInstance0(Native Method)
	at sun.reflect.NativeConstructorAccessorImpl.newInstance(NativeConstructorAccessorImpl.java:62)
	at sun.reflect.DelegatingConstructorAccessorImpl.newInstance(DelegatingConstructorAccessorImpl.java:45)
	at java.lang.reflect.Constructor.newInstance(Constructor.java:423)
	at org.openqa.selenium.remote.http.W3CHttpResponseCodec.createException(W3CHttpResponseCodec.java:187)
	at org.openqa.selenium.remote.http.W3CHttpResponseCodec.decode(W3CHttpResponseCodec.java:122)
	at org.openqa.selenium.remote.http.W3CHttpResponseCodec.decode(W3CHttpResponseCodec.java:49)
	at org.openqa.selenium.remote.HttpCommandExecutor.execute(HttpCommandExecutor.java:158)
	at org.openqa.selenium.remote.service.DriverCommandExecutor.execute(DriverCommandExecutor.java:83)
	at org.openqa.selenium.remote.RemoteWebDriver.execute(RemoteWebDriver.java:552)
	at org.openqa.selenium.remote.RemoteWebDriver.findElement(RemoteWebDriver.java:323)
	at org.openqa.selenium.remote.RemoteWebDriver.findElementByXPath(RemoteWebDriver.java:428)
	at org.openqa.selenium.By$ByXPath.findElement(By.java:353)
	at org.openqa.selenium.remote.RemoteWebDriver.findElement(RemoteWebDriver.java:315)
	at org.openqa.selenium.support.pagefactory.DefaultElementLocator.findElement(DefaultElementLocator.java:69)
	at org.openqa.selenium.support.pagefactory.internal.LocatingElementHandler.invoke(LocatingElementHandler.java:38)
	at com.sun.proxy.$Proxy31.sendKeys(Unknown Source)
	at phptravels.pageObjects.LoginPage.inputLogin(LoginPage.java:24)
	at phptravels.stepDefinitions.StepDefinition.user_input_email_and_password(StepDefinition.java:58)
	at ?.User input email and password(file:src/test/resources/features/PhpTravels.feature:36)
</pre></div></td>
<td>64</td>
<td>phptravels.runners.TestRunner@6276ae34</td></tr>
</table><p>
<table width='100%' border='1' class='invocation-passed'>
<tr><td colspan='4' align='center'><b>PASSED TESTS</b></td></tr>
<tr><td><b>Test method</b></td>
<td width="30%"><b>Exception</b></td>
<td width="10%"><b>Time (seconds)</b></td>
<td><b>Instance</b></td>
</tr>
<tr>
<td title='phptravels.runners.TestRunner.runScenario()'><b>runScenario</b><br>Test class: phptravels.runners.TestRunner<br>Test method: Runs Cucumber Scenarios<br>Parameters: "Create new customer", "PhpTravels Test"</td>
<td></td>
<td>32</td>
<td>phptravels.runners.TestRunner@6276ae34</td></tr>
<tr>
<td title='phptravels.runners.TestRunner.runScenario()'><b>runScenario</b><br>Test class: phptravels.runners.TestRunner<br>Test method: Runs Cucumber Scenarios<br>Parameters: "Search Hotels as Guest User", "PhpTravels Test"</td>
<td></td>
<td>14</td>
<td>phptravels.runners.TestRunner@6276ae34</td></tr>
</table><p>
</body>
</html>